{"C:\\api-rentalx\\src\\errors\\AppError.ts": {"path":"C:\\api-rentalx\\src\\errors\\AppError.ts","all":false,"statementMap":{"0":{"start":{"line":1,"column":0},"end":{"line":1,"column":23}},"1":{"start":{"line":2,"column":0},"end":{"line":2,"column":36}},"2":{"start":{"line":3,"column":0},"end":{"line":3,"column":0}},"3":{"start":{"line":4,"column":0},"end":{"line":4,"column":39}},"4":{"start":{"line":5,"column":0},"end":{"line":5,"column":0}},"5":{"start":{"line":6,"column":0},"end":{"line":6,"column":52}},"6":{"start":{"line":7,"column":0},"end":{"line":7,"column":31}},"7":{"start":{"line":8,"column":0},"end":{"line":8,"column":37}},"8":{"start":{"line":9,"column":0},"end":{"line":9,"column":5}},"9":{"start":{"line":10,"column":0},"end":{"line":10,"column":1}}},"s":{"0":2,"1":2,"2":2,"3":2,"4":2,"5":2,"6":2,"7":2,"8":2,"9":2},"branchMap":{"0":{"type":"branch","line":1,"loc":{"start":{"line":1,"column":0},"end":{"line":10,"column":1}},"locations":[{"start":{"line":1,"column":0},"end":{"line":10,"column":1}}]},"1":{"type":"branch","line":6,"loc":{"start":{"line":6,"column":4},"end":{"line":9,"column":5}},"locations":[{"start":{"line":6,"column":4},"end":{"line":9,"column":5}}]}},"b":{"0":[2],"1":[2]},"fnMap":{"0":{"name":"AppError","decl":{"start":{"line":6,"column":4},"end":{"line":9,"column":5}},"loc":{"start":{"line":6,"column":4},"end":{"line":9,"column":5}},"line":6}},"f":{"0":2}}
,"C:\\api-rentalx\\src\\modules\\accounts\\entities\\User.ts": {"path":"C:\\api-rentalx\\src\\modules\\accounts\\entities\\User.ts","all":false,"statementMap":{"0":{"start":{"line":1,"column":0},"end":{"line":1,"column":74}},"1":{"start":{"line":2,"column":0},"end":{"line":2,"column":36}},"2":{"start":{"line":3,"column":0},"end":{"line":3,"column":0}},"3":{"start":{"line":4,"column":0},"end":{"line":4,"column":16}},"4":{"start":{"line":5,"column":0},"end":{"line":5,"column":12}},"5":{"start":{"line":6,"column":0},"end":{"line":6,"column":20}},"6":{"start":{"line":7,"column":0},"end":{"line":7,"column":15}},"7":{"start":{"line":8,"column":0},"end":{"line":8,"column":0}},"8":{"start":{"line":9,"column":0},"end":{"line":9,"column":13}},"9":{"start":{"line":10,"column":0},"end":{"line":10,"column":17}},"10":{"start":{"line":11,"column":0},"end":{"line":11,"column":0}},"11":{"start":{"line":12,"column":0},"end":{"line":12,"column":13}},"12":{"start":{"line":13,"column":0},"end":{"line":13,"column":21}},"13":{"start":{"line":14,"column":0},"end":{"line":14,"column":0}},"14":{"start":{"line":15,"column":0},"end":{"line":15,"column":13}},"15":{"start":{"line":16,"column":0},"end":{"line":16,"column":18}},"16":{"start":{"line":17,"column":0},"end":{"line":17,"column":0}},"17":{"start":{"line":18,"column":0},"end":{"line":18,"column":13}},"18":{"start":{"line":19,"column":0},"end":{"line":19,"column":27}},"19":{"start":{"line":20,"column":0},"end":{"line":20,"column":0}},"20":{"start":{"line":21,"column":0},"end":{"line":21,"column":13}},"21":{"start":{"line":22,"column":0},"end":{"line":22,"column":21}},"22":{"start":{"line":23,"column":0},"end":{"line":23,"column":0}},"23":{"start":{"line":24,"column":0},"end":{"line":24,"column":13}},"24":{"start":{"line":25,"column":0},"end":{"line":25,"column":19}},"25":{"start":{"line":26,"column":0},"end":{"line":26,"column":0}},"26":{"start":{"line":27,"column":0},"end":{"line":27,"column":23}},"27":{"start":{"line":28,"column":0},"end":{"line":28,"column":21}},"28":{"start":{"line":29,"column":0},"end":{"line":29,"column":0}},"29":{"start":{"line":30,"column":0},"end":{"line":30,"column":19}},"30":{"start":{"line":31,"column":0},"end":{"line":31,"column":23}},"31":{"start":{"line":32,"column":0},"end":{"line":32,"column":31}},"32":{"start":{"line":33,"column":0},"end":{"line":33,"column":9}},"33":{"start":{"line":34,"column":0},"end":{"line":34,"column":5}},"34":{"start":{"line":35,"column":0},"end":{"line":35,"column":1}},"35":{"start":{"line":36,"column":0},"end":{"line":36,"column":16}}},"s":{"0":1,"1":1,"2":1,"3":1,"4":1,"5":1,"6":1,"7":1,"8":1,"9":1,"10":1,"11":1,"12":1,"13":1,"14":1,"15":1,"16":1,"17":1,"18":1,"19":1,"20":1,"21":1,"22":1,"23":1,"24":1,"25":1,"26":1,"27":1,"28":1,"29":1,"30":2,"31":2,"32":2,"33":2,"34":1,"35":1},"branchMap":{"0":{"type":"branch","line":5,"loc":{"start":{"line":5,"column":0},"end":{"line":35,"column":1}},"locations":[{"start":{"line":5,"column":0},"end":{"line":35,"column":1}}]},"1":{"type":"branch","line":30,"loc":{"start":{"line":30,"column":4},"end":{"line":34,"column":5}},"locations":[{"start":{"line":30,"column":4},"end":{"line":34,"column":5}}]}},"b":{"0":[1],"1":[2]},"fnMap":{"0":{"name":"User","decl":{"start":{"line":30,"column":4},"end":{"line":34,"column":5}},"loc":{"start":{"line":30,"column":4},"end":{"line":34,"column":5}},"line":30}},"f":{"0":2}}
,"C:\\api-rentalx\\src\\modules\\accounts\\repositories\\in-memory\\UsersRepositoryInMemory.ts": {"path":"C:\\api-rentalx\\src\\modules\\accounts\\repositories\\in-memory\\UsersRepositoryInMemory.ts","all":false,"statementMap":{"0":{"start":{"line":1,"column":0},"end":{"line":1,"column":59}},"1":{"start":{"line":2,"column":0},"end":{"line":2,"column":43}},"2":{"start":{"line":3,"column":0},"end":{"line":3,"column":53}},"3":{"start":{"line":4,"column":0},"end":{"line":4,"column":0}},"4":{"start":{"line":5,"column":0},"end":{"line":5,"column":58}},"5":{"start":{"line":6,"column":0},"end":{"line":6,"column":23}},"6":{"start":{"line":7,"column":0},"end":{"line":7,"column":18}},"7":{"start":{"line":8,"column":0},"end":{"line":8,"column":13}},"8":{"start":{"line":9,"column":0},"end":{"line":9,"column":17}},"9":{"start":{"line":10,"column":0},"end":{"line":10,"column":14}},"10":{"start":{"line":11,"column":0},"end":{"line":11,"column":23}},"11":{"start":{"line":12,"column":0},"end":{"line":12,"column":39}},"12":{"start":{"line":13,"column":0},"end":{"line":13,"column":32}},"13":{"start":{"line":14,"column":0},"end":{"line":14,"column":29}},"14":{"start":{"line":15,"column":0},"end":{"line":15,"column":17}},"15":{"start":{"line":16,"column":0},"end":{"line":16,"column":21}},"16":{"start":{"line":17,"column":0},"end":{"line":17,"column":18}},"17":{"start":{"line":18,"column":0},"end":{"line":18,"column":27}},"18":{"start":{"line":19,"column":0},"end":{"line":19,"column":11}},"19":{"start":{"line":20,"column":0},"end":{"line":20,"column":30}},"20":{"start":{"line":21,"column":0},"end":{"line":21,"column":5}},"21":{"start":{"line":22,"column":0},"end":{"line":22,"column":53}},"22":{"start":{"line":23,"column":0},"end":{"line":23,"column":67}},"23":{"start":{"line":24,"column":0},"end":{"line":24,"column":20}},"24":{"start":{"line":25,"column":0},"end":{"line":25,"column":5}},"25":{"start":{"line":26,"column":0},"end":{"line":26,"column":47}},"26":{"start":{"line":27,"column":0},"end":{"line":27,"column":61}},"27":{"start":{"line":28,"column":0},"end":{"line":28,"column":20}},"28":{"start":{"line":29,"column":0},"end":{"line":29,"column":5}},"29":{"start":{"line":30,"column":0},"end":{"line":30,"column":35}},"30":{"start":{"line":31,"column":0},"end":{"line":31,"column":31}},"31":{"start":{"line":32,"column":0},"end":{"line":32,"column":19}},"32":{"start":{"line":33,"column":0},"end":{"line":33,"column":5}},"33":{"start":{"line":34,"column":0},"end":{"line":34,"column":1}},"34":{"start":{"line":35,"column":0},"end":{"line":35,"column":35}}},"s":{"0":1,"1":1,"2":1,"3":1,"4":3,"5":3,"6":3,"7":2,"8":2,"9":2,"10":2,"11":2,"12":2,"13":2,"14":2,"15":2,"16":2,"17":2,"18":2,"19":2,"20":2,"21":3,"22":4,"23":4,"24":4,"25":3,"26":0,"27":0,"28":0,"29":3,"30":0,"31":0,"32":0,"33":3,"34":1},"branchMap":{"0":{"type":"branch","line":5,"loc":{"start":{"line":5,"column":0},"end":{"line":34,"column":1}},"locations":[{"start":{"line":5,"column":0},"end":{"line":34,"column":1}}]},"1":{"type":"branch","line":5,"loc":{"start":{"line":5,"column":0},"end":{"line":34,"column":1}},"locations":[{"start":{"line":5,"column":0},"end":{"line":34,"column":1}}]},"2":{"type":"branch","line":7,"loc":{"start":{"line":7,"column":4},"end":{"line":21,"column":5}},"locations":[{"start":{"line":7,"column":4},"end":{"line":21,"column":5}}]},"3":{"type":"branch","line":22,"loc":{"start":{"line":22,"column":4},"end":{"line":25,"column":5}},"locations":[{"start":{"line":22,"column":4},"end":{"line":25,"column":5}}]},"4":{"type":"branch","line":23,"loc":{"start":{"line":23,"column":37},"end":{"line":23,"column":49}},"locations":[{"start":{"line":23,"column":37},"end":{"line":23,"column":49}}]}},"b":{"0":[1],"1":[3],"2":[2],"3":[4],"4":[2]},"fnMap":{"0":{"name":"UsersRepositoryInMemory","decl":{"start":{"line":5,"column":0},"end":{"line":34,"column":1}},"loc":{"start":{"line":5,"column":0},"end":{"line":34,"column":1}},"line":5},"1":{"name":"Object.<anonymous>.UsersRepositoryInMemory.create","decl":{"start":{"line":7,"column":4},"end":{"line":21,"column":5}},"loc":{"start":{"line":7,"column":4},"end":{"line":21,"column":5}},"line":7},"2":{"name":"Object.<anonymous>.UsersRepositoryInMemory.findByEmail","decl":{"start":{"line":22,"column":4},"end":{"line":25,"column":5}},"loc":{"start":{"line":22,"column":4},"end":{"line":25,"column":5}},"line":22},"3":{"name":"Object.<anonymous>.UsersRepositoryInMemory.findById","decl":{"start":{"line":26,"column":4},"end":{"line":29,"column":5}},"loc":{"start":{"line":26,"column":4},"end":{"line":29,"column":5}},"line":26},"4":{"name":"Object.<anonymous>.UsersRepositoryInMemory.list","decl":{"start":{"line":30,"column":4},"end":{"line":33,"column":5}},"loc":{"start":{"line":30,"column":4},"end":{"line":33,"column":5}},"line":30}},"f":{"0":3,"1":2,"2":4,"3":0,"4":0}}
,"C:\\api-rentalx\\src\\modules\\accounts\\useCases\\authenticateUser\\AuthenticateUserUseCase.ts": {"path":"C:\\api-rentalx\\src\\modules\\accounts\\useCases\\authenticateUser\\AuthenticateUserUseCase.ts","all":false,"statementMap":{"0":{"start":{"line":1,"column":0},"end":{"line":1,"column":35}},"1":{"start":{"line":2,"column":0},"end":{"line":2,"column":36}},"2":{"start":{"line":3,"column":0},"end":{"line":3,"column":46}},"3":{"start":{"line":4,"column":0},"end":{"line":4,"column":0}},"4":{"start":{"line":5,"column":0},"end":{"line":5,"column":44}},"5":{"start":{"line":6,"column":0},"end":{"line":6,"column":81}},"6":{"start":{"line":7,"column":0},"end":{"line":7,"column":0}},"7":{"start":{"line":8,"column":0},"end":{"line":8,"column":20}},"8":{"start":{"line":9,"column":0},"end":{"line":9,"column":18}},"9":{"start":{"line":10,"column":0},"end":{"line":10,"column":21}},"10":{"start":{"line":11,"column":0},"end":{"line":11,"column":1}},"11":{"start":{"line":12,"column":0},"end":{"line":12,"column":0}},"12":{"start":{"line":13,"column":0},"end":{"line":13,"column":21}},"13":{"start":{"line":14,"column":0},"end":{"line":14,"column":11}},"14":{"start":{"line":15,"column":0},"end":{"line":15,"column":21}},"15":{"start":{"line":16,"column":0},"end":{"line":16,"column":22}},"16":{"start":{"line":17,"column":0},"end":{"line":17,"column":6}},"17":{"start":{"line":18,"column":0},"end":{"line":18,"column":18}},"18":{"start":{"line":19,"column":0},"end":{"line":19,"column":1}},"19":{"start":{"line":20,"column":0},"end":{"line":20,"column":0}},"20":{"start":{"line":21,"column":0},"end":{"line":21,"column":13}},"21":{"start":{"line":22,"column":0},"end":{"line":22,"column":28}},"22":{"start":{"line":23,"column":0},"end":{"line":23,"column":16}},"23":{"start":{"line":24,"column":0},"end":{"line":24,"column":33}},"24":{"start":{"line":25,"column":0},"end":{"line":25,"column":48}},"25":{"start":{"line":26,"column":0},"end":{"line":26,"column":8}},"26":{"start":{"line":27,"column":0},"end":{"line":27,"column":0}},"27":{"start":{"line":28,"column":0},"end":{"line":28,"column":70}},"28":{"start":{"line":29,"column":0},"end":{"line":29,"column":66}},"29":{"start":{"line":30,"column":0},"end":{"line":30,"column":0}},"30":{"start":{"line":31,"column":0},"end":{"line":31,"column":20}},"31":{"start":{"line":32,"column":0},"end":{"line":32,"column":62}},"32":{"start":{"line":33,"column":0},"end":{"line":33,"column":9}},"33":{"start":{"line":34,"column":0},"end":{"line":34,"column":69}},"34":{"start":{"line":35,"column":0},"end":{"line":35,"column":0}},"35":{"start":{"line":36,"column":0},"end":{"line":36,"column":29}},"36":{"start":{"line":37,"column":0},"end":{"line":37,"column":62}},"37":{"start":{"line":38,"column":0},"end":{"line":38,"column":9}},"38":{"start":{"line":39,"column":0},"end":{"line":39,"column":68}},"39":{"start":{"line":40,"column":0},"end":{"line":40,"column":29}},"40":{"start":{"line":41,"column":0},"end":{"line":41,"column":28}},"41":{"start":{"line":42,"column":0},"end":{"line":42,"column":11}},"42":{"start":{"line":43,"column":0},"end":{"line":43,"column":0}},"43":{"start":{"line":44,"column":0},"end":{"line":44,"column":40}},"44":{"start":{"line":45,"column":0},"end":{"line":45,"column":18}},"45":{"start":{"line":46,"column":0},"end":{"line":46,"column":19}},"46":{"start":{"line":47,"column":0},"end":{"line":47,"column":32}},"47":{"start":{"line":48,"column":0},"end":{"line":48,"column":34}},"48":{"start":{"line":49,"column":0},"end":{"line":49,"column":14}},"49":{"start":{"line":50,"column":0},"end":{"line":50,"column":10}},"50":{"start":{"line":51,"column":0},"end":{"line":51,"column":27}},"51":{"start":{"line":52,"column":0},"end":{"line":52,"column":5}},"52":{"start":{"line":53,"column":0},"end":{"line":53,"column":1}},"53":{"start":{"line":54,"column":0},"end":{"line":54,"column":0}},"54":{"start":{"line":55,"column":0},"end":{"line":55,"column":32}}},"s":{"0":1,"1":1,"2":1,"3":1,"4":1,"5":1,"6":1,"7":1,"8":1,"9":1,"10":1,"11":1,"12":1,"13":1,"14":1,"15":1,"16":1,"17":1,"18":1,"19":1,"20":1,"21":1,"22":1,"23":3,"24":3,"25":3,"26":1,"27":1,"28":3,"29":3,"30":3,"31":1,"32":1,"33":2,"34":3,"35":3,"36":0,"37":0,"38":3,"39":3,"40":3,"41":3,"42":3,"43":3,"44":3,"45":3,"46":3,"47":3,"48":3,"49":3,"50":3,"51":3,"52":1,"53":1,"54":1},"branchMap":{"0":{"type":"branch","line":22,"loc":{"start":{"line":22,"column":0},"end":{"line":53,"column":1}},"locations":[{"start":{"line":22,"column":0},"end":{"line":53,"column":1}}]},"1":{"type":"branch","line":23,"loc":{"start":{"line":23,"column":4},"end":{"line":26,"column":8}},"locations":[{"start":{"line":23,"column":4},"end":{"line":26,"column":8}}]},"2":{"type":"branch","line":28,"loc":{"start":{"line":28,"column":4},"end":{"line":52,"column":5}},"locations":[{"start":{"line":28,"column":4},"end":{"line":52,"column":5}}]},"3":{"type":"branch","line":29,"loc":{"start":{"line":29,"column":21},"end":{"line":29,"column":66}},"locations":[{"start":{"line":29,"column":21},"end":{"line":29,"column":66}}]},"4":{"type":"branch","line":31,"loc":{"start":{"line":31,"column":19},"end":{"line":33,"column":9}},"locations":[{"start":{"line":31,"column":19},"end":{"line":33,"column":9}}]},"5":{"type":"branch","line":34,"loc":{"start":{"line":34,"column":-2},"end":{"line":34,"column":69}},"locations":[{"start":{"line":34,"column":-2},"end":{"line":34,"column":69}}]},"6":{"type":"branch","line":36,"loc":{"start":{"line":36,"column":28},"end":{"line":38,"column":9}},"locations":[{"start":{"line":36,"column":28},"end":{"line":38,"column":9}}]}},"b":{"0":[1],"1":[3],"2":[3],"3":[3],"4":[1],"5":[2],"6":[0]},"fnMap":{"0":{"name":"AuthenticateUserCase","decl":{"start":{"line":23,"column":4},"end":{"line":26,"column":8}},"loc":{"start":{"line":23,"column":4},"end":{"line":26,"column":8}},"line":23},"1":{"name":"Object.<anonymous>.AuthenticateUserCase.execute","decl":{"start":{"line":28,"column":4},"end":{"line":52,"column":5}},"loc":{"start":{"line":28,"column":4},"end":{"line":52,"column":5}},"line":28}},"f":{"0":3,"1":3}}
,"C:\\api-rentalx\\src\\modules\\accounts\\useCases\\createUser\\CreateUserUseCase.ts": {"path":"C:\\api-rentalx\\src\\modules\\accounts\\useCases\\createUser\\CreateUserUseCase.ts","all":false,"statementMap":{"0":{"start":{"line":1,"column":0},"end":{"line":1,"column":32}},"1":{"start":{"line":2,"column":0},"end":{"line":2,"column":46}},"2":{"start":{"line":3,"column":0},"end":{"line":3,"column":0}},"3":{"start":{"line":4,"column":0},"end":{"line":4,"column":44}},"4":{"start":{"line":5,"column":0},"end":{"line":5,"column":71}},"5":{"start":{"line":6,"column":0},"end":{"line":6,"column":81}},"6":{"start":{"line":7,"column":0},"end":{"line":7,"column":0}},"7":{"start":{"line":8,"column":0},"end":{"line":8,"column":13}},"8":{"start":{"line":9,"column":0},"end":{"line":9,"column":25}},"9":{"start":{"line":10,"column":0},"end":{"line":10,"column":16}},"10":{"start":{"line":11,"column":0},"end":{"line":11,"column":33}},"11":{"start":{"line":12,"column":0},"end":{"line":12,"column":49}},"12":{"start":{"line":13,"column":0},"end":{"line":13,"column":8}},"13":{"start":{"line":14,"column":0},"end":{"line":14,"column":0}},"14":{"start":{"line":15,"column":0},"end":{"line":15,"column":19}},"15":{"start":{"line":16,"column":0},"end":{"line":16,"column":13}},"16":{"start":{"line":17,"column":0},"end":{"line":17,"column":14}},"17":{"start":{"line":18,"column":0},"end":{"line":18,"column":17}},"18":{"start":{"line":19,"column":0},"end":{"line":19,"column":23}},"19":{"start":{"line":20,"column":0},"end":{"line":20,"column":39}},"20":{"start":{"line":21,"column":0},"end":{"line":21,"column":80}},"21":{"start":{"line":22,"column":0},"end":{"line":22,"column":0}},"22":{"start":{"line":23,"column":0},"end":{"line":23,"column":32}},"23":{"start":{"line":24,"column":0},"end":{"line":24,"column":54}},"24":{"start":{"line":25,"column":0},"end":{"line":25,"column":9}},"25":{"start":{"line":26,"column":0},"end":{"line":26,"column":53}},"26":{"start":{"line":27,"column":0},"end":{"line":27,"column":0}},"27":{"start":{"line":28,"column":0},"end":{"line":28,"column":43}},"28":{"start":{"line":29,"column":0},"end":{"line":29,"column":17}},"29":{"start":{"line":30,"column":0},"end":{"line":30,"column":18}},"30":{"start":{"line":31,"column":0},"end":{"line":31,"column":35}},"31":{"start":{"line":32,"column":0},"end":{"line":32,"column":27}},"32":{"start":{"line":33,"column":0},"end":{"line":33,"column":11}},"33":{"start":{"line":34,"column":0},"end":{"line":34,"column":5}},"34":{"start":{"line":35,"column":0},"end":{"line":35,"column":1}},"35":{"start":{"line":36,"column":0},"end":{"line":36,"column":0}},"36":{"start":{"line":37,"column":0},"end":{"line":37,"column":29}}},"s":{"0":1,"1":1,"2":1,"3":1,"4":1,"5":1,"6":1,"7":1,"8":1,"9":1,"10":3,"11":3,"12":3,"13":1,"14":1,"15":1,"16":1,"17":1,"18":1,"19":1,"20":1,"21":1,"22":1,"23":0,"24":0,"25":1,"26":1,"27":1,"28":1,"29":1,"30":1,"31":1,"32":1,"33":1,"34":1,"35":1,"36":1},"branchMap":{"0":{"type":"branch","line":9,"loc":{"start":{"line":9,"column":0},"end":{"line":35,"column":1}},"locations":[{"start":{"line":9,"column":0},"end":{"line":35,"column":1}}]},"1":{"type":"branch","line":10,"loc":{"start":{"line":10,"column":4},"end":{"line":13,"column":8}},"locations":[{"start":{"line":10,"column":4},"end":{"line":13,"column":8}}]},"2":{"type":"branch","line":15,"loc":{"start":{"line":15,"column":4},"end":{"line":34,"column":5}},"locations":[{"start":{"line":15,"column":4},"end":{"line":34,"column":5}}]},"3":{"type":"branch","line":21,"loc":{"start":{"line":21,"column":34},"end":{"line":21,"column":80}},"locations":[{"start":{"line":21,"column":34},"end":{"line":21,"column":80}}]},"4":{"type":"branch","line":23,"loc":{"start":{"line":23,"column":31},"end":{"line":25,"column":9}},"locations":[{"start":{"line":23,"column":31},"end":{"line":25,"column":9}}]}},"b":{"0":[1],"1":[3],"2":[1],"3":[1],"4":[0]},"fnMap":{"0":{"name":"CreateUserUseCase","decl":{"start":{"line":10,"column":4},"end":{"line":13,"column":8}},"loc":{"start":{"line":10,"column":4},"end":{"line":13,"column":8}},"line":10},"1":{"name":"Object.<anonymous>.CreateUserUseCase.execute","decl":{"start":{"line":15,"column":4},"end":{"line":34,"column":5}},"loc":{"start":{"line":15,"column":4},"end":{"line":34,"column":5}},"line":15}},"f":{"0":3,"1":1}}
,"C:\\api-rentalx\\src\\modules\\cars\\entities\\Category.ts": {"path":"C:\\api-rentalx\\src\\modules\\cars\\entities\\Category.ts","all":false,"statementMap":{"0":{"start":{"line":1,"column":0},"end":{"line":1,"column":74}},"1":{"start":{"line":2,"column":0},"end":{"line":2,"column":36}},"2":{"start":{"line":3,"column":0},"end":{"line":3,"column":0}},"3":{"start":{"line":4,"column":0},"end":{"line":4,"column":21}},"4":{"start":{"line":5,"column":0},"end":{"line":5,"column":16}},"5":{"start":{"line":6,"column":0},"end":{"line":6,"column":20}},"6":{"start":{"line":7,"column":0},"end":{"line":7,"column":16}},"7":{"start":{"line":8,"column":0},"end":{"line":8,"column":0}},"8":{"start":{"line":9,"column":0},"end":{"line":9,"column":13}},"9":{"start":{"line":10,"column":0},"end":{"line":10,"column":17}},"10":{"start":{"line":11,"column":0},"end":{"line":11,"column":0}},"11":{"start":{"line":12,"column":0},"end":{"line":12,"column":13}},"12":{"start":{"line":13,"column":0},"end":{"line":13,"column":24}},"13":{"start":{"line":14,"column":0},"end":{"line":14,"column":0}},"14":{"start":{"line":15,"column":0},"end":{"line":15,"column":23}},"15":{"start":{"line":16,"column":0},"end":{"line":16,"column":21}},"16":{"start":{"line":17,"column":0},"end":{"line":17,"column":0}},"17":{"start":{"line":18,"column":0},"end":{"line":18,"column":19}},"18":{"start":{"line":19,"column":0},"end":{"line":19,"column":23}},"19":{"start":{"line":20,"column":0},"end":{"line":20,"column":31}},"20":{"start":{"line":21,"column":0},"end":{"line":21,"column":9}},"21":{"start":{"line":22,"column":0},"end":{"line":22,"column":5}},"22":{"start":{"line":23,"column":0},"end":{"line":23,"column":1}},"23":{"start":{"line":24,"column":0},"end":{"line":24,"column":20}}},"s":{"0":1,"1":1,"2":1,"3":1,"4":1,"5":1,"6":1,"7":1,"8":1,"9":1,"10":1,"11":1,"12":1,"13":1,"14":1,"15":1,"16":1,"17":1,"18":2,"19":2,"20":2,"21":2,"22":1,"23":1},"branchMap":{"0":{"type":"branch","line":5,"loc":{"start":{"line":5,"column":0},"end":{"line":23,"column":1}},"locations":[{"start":{"line":5,"column":0},"end":{"line":23,"column":1}}]},"1":{"type":"branch","line":18,"loc":{"start":{"line":18,"column":4},"end":{"line":22,"column":5}},"locations":[{"start":{"line":18,"column":4},"end":{"line":22,"column":5}}]}},"b":{"0":[1],"1":[2]},"fnMap":{"0":{"name":"Category","decl":{"start":{"line":18,"column":4},"end":{"line":22,"column":5}},"loc":{"start":{"line":18,"column":4},"end":{"line":22,"column":5}},"line":18}},"f":{"0":2}}
,"C:\\api-rentalx\\src\\modules\\cars\\repositories\\in-memory\\CategoriesRepositoryInMemory.ts": {"path":"C:\\api-rentalx\\src\\modules\\cars\\repositories\\in-memory\\CategoriesRepositoryInMemory.ts","all":false,"statementMap":{"0":{"start":{"line":1,"column":0},"end":{"line":1,"column":51}},"1":{"start":{"line":2,"column":0},"end":{"line":2,"column":8}},"2":{"start":{"line":3,"column":0},"end":{"line":3,"column":26}},"3":{"start":{"line":4,"column":0},"end":{"line":4,"column":23}},"4":{"start":{"line":5,"column":0},"end":{"line":5,"column":34}},"5":{"start":{"line":6,"column":0},"end":{"line":6,"column":0}},"6":{"start":{"line":7,"column":0},"end":{"line":7,"column":69}},"7":{"start":{"line":8,"column":0},"end":{"line":8,"column":32}},"8":{"start":{"line":9,"column":0},"end":{"line":9,"column":0}},"9":{"start":{"line":10,"column":0},"end":{"line":10,"column":55}},"10":{"start":{"line":11,"column":0},"end":{"line":11,"column":46}},"11":{"start":{"line":12,"column":0},"end":{"line":12,"column":47}},"12":{"start":{"line":13,"column":0},"end":{"line":13,"column":10}},"13":{"start":{"line":14,"column":0},"end":{"line":14,"column":24}},"14":{"start":{"line":15,"column":0},"end":{"line":15,"column":5}},"15":{"start":{"line":16,"column":0},"end":{"line":16,"column":39}},"16":{"start":{"line":17,"column":0},"end":{"line":17,"column":36}},"17":{"start":{"line":18,"column":0},"end":{"line":18,"column":19}},"18":{"start":{"line":19,"column":0},"end":{"line":19,"column":5}},"19":{"start":{"line":20,"column":0},"end":{"line":20,"column":76}},"20":{"start":{"line":21,"column":0},"end":{"line":21,"column":40}},"21":{"start":{"line":22,"column":0},"end":{"line":22,"column":0}},"22":{"start":{"line":23,"column":0},"end":{"line":23,"column":33}},"23":{"start":{"line":24,"column":0},"end":{"line":24,"column":17}},"24":{"start":{"line":25,"column":0},"end":{"line":25,"column":24}},"25":{"start":{"line":26,"column":0},"end":{"line":26,"column":11}},"26":{"start":{"line":27,"column":0},"end":{"line":27,"column":39}},"27":{"start":{"line":28,"column":0},"end":{"line":28,"column":5}},"28":{"start":{"line":29,"column":0},"end":{"line":29,"column":1}},"29":{"start":{"line":30,"column":0},"end":{"line":30,"column":40}}},"s":{"0":1,"1":1,"2":1,"3":1,"4":1,"5":1,"6":2,"7":2,"8":2,"9":2,"10":4,"11":4,"12":4,"13":4,"14":4,"15":2,"16":0,"17":0,"18":0,"19":2,"20":2,"21":2,"22":2,"23":2,"24":2,"25":2,"26":2,"27":2,"28":2,"29":1},"branchMap":{"0":{"type":"branch","line":7,"loc":{"start":{"line":7,"column":0},"end":{"line":29,"column":1}},"locations":[{"start":{"line":7,"column":0},"end":{"line":29,"column":1}}]},"1":{"type":"branch","line":7,"loc":{"start":{"line":7,"column":0},"end":{"line":29,"column":1}},"locations":[{"start":{"line":7,"column":0},"end":{"line":29,"column":1}}]},"2":{"type":"branch","line":10,"loc":{"start":{"line":10,"column":4},"end":{"line":15,"column":5}},"locations":[{"start":{"line":10,"column":4},"end":{"line":15,"column":5}}]},"3":{"type":"branch","line":12,"loc":{"start":{"line":12,"column":12},"end":{"line":12,"column":32}},"locations":[{"start":{"line":12,"column":12},"end":{"line":12,"column":32}}]},"4":{"type":"branch","line":20,"loc":{"start":{"line":20,"column":4},"end":{"line":28,"column":5}},"locations":[{"start":{"line":20,"column":4},"end":{"line":28,"column":5}}]}},"b":{"0":[1],"1":[2],"2":[4],"3":[2],"4":[2]},"fnMap":{"0":{"name":"CategoriesRepositoryInMemory","decl":{"start":{"line":7,"column":0},"end":{"line":29,"column":1}},"loc":{"start":{"line":7,"column":0},"end":{"line":29,"column":1}},"line":7},"1":{"name":"Object.<anonymous>.CategoriesRepositoryInMemory.findByName","decl":{"start":{"line":10,"column":4},"end":{"line":15,"column":5}},"loc":{"start":{"line":10,"column":4},"end":{"line":15,"column":5}},"line":10},"2":{"name":"Object.<anonymous>.CategoriesRepositoryInMemory.list","decl":{"start":{"line":16,"column":4},"end":{"line":19,"column":5}},"loc":{"start":{"line":16,"column":4},"end":{"line":19,"column":5}},"line":16},"3":{"name":"Object.<anonymous>.CategoriesRepositoryInMemory.create","decl":{"start":{"line":20,"column":4},"end":{"line":28,"column":5}},"loc":{"start":{"line":20,"column":4},"end":{"line":28,"column":5}},"line":20}},"f":{"0":2,"1":4,"2":0,"3":2}}
,"C:\\api-rentalx\\src\\modules\\cars\\useCases\\createCategory\\CreateCategoryUseCase.ts": {"path":"C:\\api-rentalx\\src\\modules\\cars\\useCases\\createCategory\\CreateCategoryUseCase.ts","all":false,"statementMap":{"0":{"start":{"line":1,"column":0},"end":{"line":1,"column":46}},"1":{"start":{"line":2,"column":0},"end":{"line":2,"column":0}},"2":{"start":{"line":3,"column":0},"end":{"line":3,"column":44}},"3":{"start":{"line":4,"column":0},"end":{"line":4,"column":89}},"4":{"start":{"line":5,"column":0},"end":{"line":5,"column":0}},"5":{"start":{"line":6,"column":0},"end":{"line":6,"column":20}},"6":{"start":{"line":7,"column":0},"end":{"line":7,"column":17}},"7":{"start":{"line":8,"column":0},"end":{"line":8,"column":24}},"8":{"start":{"line":9,"column":0},"end":{"line":9,"column":1}},"9":{"start":{"line":10,"column":0},"end":{"line":10,"column":0}},"10":{"start":{"line":11,"column":0},"end":{"line":11,"column":13}},"11":{"start":{"line":12,"column":0},"end":{"line":12,"column":29}},"12":{"start":{"line":13,"column":0},"end":{"line":13,"column":16}},"13":{"start":{"line":14,"column":0},"end":{"line":14,"column":39}},"14":{"start":{"line":15,"column":0},"end":{"line":15,"column":60}},"15":{"start":{"line":16,"column":0},"end":{"line":16,"column":8}},"16":{"start":{"line":17,"column":0},"end":{"line":17,"column":0}},"17":{"start":{"line":18,"column":0},"end":{"line":18,"column":67}},"18":{"start":{"line":19,"column":0},"end":{"line":19,"column":37}},"19":{"start":{"line":20,"column":0},"end":{"line":20,"column":61}},"20":{"start":{"line":21,"column":0},"end":{"line":21,"column":0}},"21":{"start":{"line":22,"column":0},"end":{"line":22,"column":36}},"22":{"start":{"line":23,"column":0},"end":{"line":23,"column":58}},"23":{"start":{"line":24,"column":0},"end":{"line":24,"column":9}},"24":{"start":{"line":25,"column":0},"end":{"line":25,"column":0}},"25":{"start":{"line":26,"column":0},"end":{"line":26,"column":42}},"26":{"start":{"line":27,"column":0},"end":{"line":27,"column":17}},"27":{"start":{"line":28,"column":0},"end":{"line":28,"column":24}},"28":{"start":{"line":29,"column":0},"end":{"line":29,"column":11}},"29":{"start":{"line":30,"column":0},"end":{"line":30,"column":5}},"30":{"start":{"line":31,"column":0},"end":{"line":31,"column":1}},"31":{"start":{"line":32,"column":0},"end":{"line":32,"column":33}}},"s":{"0":1,"1":1,"2":1,"3":1,"4":1,"5":1,"6":1,"7":1,"8":1,"9":1,"10":1,"11":1,"12":1,"13":2,"14":2,"15":2,"16":1,"17":1,"18":3,"19":3,"20":3,"21":3,"22":1,"23":1,"24":3,"25":3,"26":3,"27":3,"28":3,"29":3,"30":1,"31":1},"branchMap":{"0":{"type":"branch","line":12,"loc":{"start":{"line":12,"column":0},"end":{"line":31,"column":1}},"locations":[{"start":{"line":12,"column":0},"end":{"line":31,"column":1}}]},"1":{"type":"branch","line":13,"loc":{"start":{"line":13,"column":4},"end":{"line":16,"column":8}},"locations":[{"start":{"line":13,"column":4},"end":{"line":16,"column":8}}]},"2":{"type":"branch","line":18,"loc":{"start":{"line":18,"column":4},"end":{"line":30,"column":5}},"locations":[{"start":{"line":18,"column":4},"end":{"line":30,"column":5}}]},"3":{"type":"branch","line":20,"loc":{"start":{"line":20,"column":12},"end":{"line":20,"column":61}},"locations":[{"start":{"line":20,"column":12},"end":{"line":20,"column":61}}]},"4":{"type":"branch","line":22,"loc":{"start":{"line":22,"column":35},"end":{"line":24,"column":9}},"locations":[{"start":{"line":22,"column":35},"end":{"line":24,"column":9}}]}},"b":{"0":[1],"1":[2],"2":[3],"3":[3],"4":[1]},"fnMap":{"0":{"name":"CreateCategoryUseCase","decl":{"start":{"line":13,"column":4},"end":{"line":16,"column":8}},"loc":{"start":{"line":13,"column":4},"end":{"line":16,"column":8}},"line":13},"1":{"name":"Object.<anonymous>.CreateCategoryUseCase.execute","decl":{"start":{"line":18,"column":4},"end":{"line":30,"column":5}},"loc":{"start":{"line":18,"column":4},"end":{"line":30,"column":5}},"line":18}},"f":{"0":2,"1":3}}
}
