TN:
SF:src\modules\accounts\infra\typeorm\entities\User.ts
FN:30,User
FNF:1
FNH:1
FNDA:2,User
DA:1,1
DA:2,1
DA:3,1
DA:4,1
DA:5,1
DA:6,1
DA:7,1
DA:8,1
DA:9,1
DA:10,1
DA:11,1
DA:12,1
DA:13,1
DA:14,1
DA:15,1
DA:16,1
DA:17,1
DA:18,1
DA:19,1
DA:20,1
DA:21,1
DA:22,1
DA:23,1
DA:24,1
DA:25,1
DA:26,1
DA:27,1
DA:28,1
DA:29,1
DA:30,1
DA:31,2
DA:32,2
DA:33,2
DA:34,2
DA:35,1
DA:36,1
LF:36
LH:36
BRDA:5,0,0,1
BRDA:30,1,0,2
BRF:2
BRH:2
end_of_record
TN:
SF:src\modules\accounts\repositories\in-memory\UsersRepositoryInMemory.ts
FN:6,UsersRepositoryInMemory
FN:8,Object.<anonymous>.UsersRepositoryInMemory.create
FN:23,Object.<anonymous>.UsersRepositoryInMemory.findByEmail
FN:27,Object.<anonymous>.UsersRepositoryInMemory.findById
FN:31,Object.<anonymous>.UsersRepositoryInMemory.list
FNF:5
FNH:3
FNDA:3,UsersRepositoryInMemory
FNDA:2,Object.<anonymous>.UsersRepositoryInMemory.create
FNDA:4,Object.<anonymous>.UsersRepositoryInMemory.findByEmail
FNDA:0,Object.<anonymous>.UsersRepositoryInMemory.findById
FNDA:0,Object.<anonymous>.UsersRepositoryInMemory.list
DA:1,1
DA:2,1
DA:3,1
DA:4,1
DA:5,1
DA:6,3
DA:7,3
DA:8,3
DA:9,2
DA:10,2
DA:11,2
DA:12,2
DA:13,2
DA:14,2
DA:15,2
DA:16,2
DA:17,2
DA:18,2
DA:19,2
DA:20,2
DA:21,2
DA:22,2
DA:23,3
DA:24,4
DA:25,4
DA:26,4
DA:27,3
DA:28,0
DA:29,0
DA:30,0
DA:31,3
DA:32,0
DA:33,0
DA:34,0
DA:35,3
DA:36,1
LF:36
LH:30
BRDA:6,0,0,1
BRDA:6,1,0,3
BRDA:8,2,0,2
BRDA:23,3,0,4
BRDA:24,4,0,2
BRF:5
BRH:5
end_of_record
TN:
SF:src\modules\accounts\useCases\authenticateUser\AuthenticateUserUseCase.ts
FN:23,AuthenticateUserCase
FN:28,Object.<anonymous>.AuthenticateUserCase.execute
FNF:2
FNH:2
FNDA:3,AuthenticateUserCase
FNDA:3,Object.<anonymous>.AuthenticateUserCase.execute
DA:1,1
DA:2,1
DA:3,1
DA:4,1
DA:5,1
DA:6,1
DA:7,1
DA:8,1
DA:9,1
DA:10,1
DA:11,1
DA:12,1
DA:13,1
DA:14,1
DA:15,1
DA:16,1
DA:17,1
DA:18,1
DA:19,1
DA:20,1
DA:21,1
DA:22,1
DA:23,1
DA:24,3
DA:25,3
DA:26,3
DA:27,1
DA:28,1
DA:29,3
DA:30,3
DA:31,3
DA:32,1
DA:33,1
DA:34,2
DA:35,3
DA:36,3
DA:37,0
DA:38,0
DA:39,3
DA:40,3
DA:41,3
DA:42,3
DA:43,3
DA:44,3
DA:45,3
DA:46,3
DA:47,3
DA:48,3
DA:49,3
DA:50,3
DA:51,3
DA:52,3
DA:53,1
DA:54,1
DA:55,1
LF:55
LH:53
BRDA:22,0,0,1
BRDA:23,1,0,3
BRDA:28,2,0,3
BRDA:29,3,0,3
BRDA:31,4,0,1
BRDA:34,5,0,2
BRDA:36,6,0,0
BRF:7
BRH:6
end_of_record
TN:
SF:src\modules\accounts\useCases\createUser\CreateUserUseCase.ts
FN:10,CreateUserUseCase
FN:15,Object.<anonymous>.CreateUserUseCase.execute
FNF:2
FNH:2
FNDA:3,CreateUserUseCase
FNDA:1,Object.<anonymous>.CreateUserUseCase.execute
DA:1,1
DA:2,1
DA:3,1
DA:4,1
DA:5,1
DA:6,1
DA:7,1
DA:8,1
DA:9,1
DA:10,1
DA:11,3
DA:12,3
DA:13,3
DA:14,1
DA:15,1
DA:16,1
DA:17,1
DA:18,1
DA:19,1
DA:20,1
DA:21,1
DA:22,1
DA:23,1
DA:24,0
DA:25,0
DA:26,1
DA:27,1
DA:28,1
DA:29,1
DA:30,1
DA:31,1
DA:32,1
DA:33,1
DA:34,1
DA:35,1
DA:36,1
DA:37,1
LF:37
LH:35
BRDA:9,0,0,1
BRDA:10,1,0,3
BRDA:15,2,0,1
BRDA:21,3,0,1
BRDA:23,4,0,0
BRF:5
BRH:4
end_of_record
TN:
SF:src\modules\cars\infra\typeorm\entities\Car.ts
FN:60,Car
FNF:1
FNH:1
FNDA:9,Car
DA:1,1
DA:2,1
DA:3,1
DA:4,1
DA:5,1
DA:6,1
DA:7,1
DA:8,1
DA:9,1
DA:10,1
DA:11,1
DA:12,1
DA:13,1
DA:14,1
DA:15,1
DA:16,1
DA:17,4
DA:18,4
DA:19,4
DA:20,4
DA:21,4
DA:22,4
DA:23,4
DA:24,4
DA:25,4
DA:26,4
DA:27,4
DA:28,4
DA:29,4
DA:30,4
DA:31,4
DA:32,4
DA:33,4
DA:34,4
DA:35,4
DA:36,4
DA:37,4
DA:38,4
DA:39,4
DA:40,4
DA:41,4
DA:42,4
DA:43,4
DA:44,4
DA:45,4
DA:46,4
DA:47,4
DA:48,4
DA:49,4
DA:50,4
DA:51,4
DA:52,4
DA:53,4
DA:54,4
DA:55,4
DA:56,4
DA:57,4
DA:58,4
DA:59,4
DA:60,4
DA:61,9
DA:62,9
DA:63,9
DA:64,9
DA:65,9
DA:66,4
DA:67,1
DA:68,1
LF:68
LH:68
BRDA:17,0,0,4
BRDA:60,1,0,9
BRF:2
BRH:2
end_of_record
TN:
SF:src\modules\cars\infra\typeorm\entities\Category.ts
FN:18,Category
FNF:1
FNH:1
FNDA:2,Category
DA:1,1
DA:2,1
DA:3,1
DA:4,1
DA:5,5
DA:6,5
DA:7,5
DA:8,5
DA:9,5
DA:10,5
DA:11,5
DA:12,5
DA:13,5
DA:14,5
DA:15,5
DA:16,5
DA:17,5
DA:18,5
DA:19,2
DA:20,2
DA:21,2
DA:22,2
DA:23,5
DA:24,1
LF:24
LH:24
BRDA:5,0,0,5
BRDA:18,1,0,2
BRF:2
BRH:2
end_of_record
TN:
SF:src\modules\cars\infra\typeorm\entities\Specification.ts
FN:18,Specification
FNF:1
FNH:1
FNDA:1,Specification
DA:1,1
DA:2,1
DA:3,1
DA:4,1
DA:5,4
DA:6,4
DA:7,4
DA:8,4
DA:9,4
DA:10,4
DA:11,4
DA:12,4
DA:13,4
DA:14,4
DA:15,4
DA:16,4
DA:17,4
DA:18,4
DA:19,1
DA:20,1
DA:21,1
DA:22,1
DA:23,4
DA:24,1
DA:25,1
LF:25
LH:25
BRDA:5,0,0,4
BRDA:18,1,0,1
BRF:2
BRH:2
end_of_record
TN:
SF:src\modules\cars\repositories\in-memory\CarsRepositoryInMemory.ts
FN:6,CarsRepositoryInMemory
FN:8,Object.<anonymous>.CarsRepositoryInMemory.create
FN:33,Object.<anonymous>.CarsRepositoryInMemory.findByLicensePlate
FN:36,Object.<anonymous>.CarsRepositoryInMemory.findAvailable
FN:55,Object.<anonymous>.CarsRepositoryInMemory.findById
FN:59,Object.<anonymous>.CarsRepositoryInMemory.updateAvailable
FNF:6
FNH:5
FNDA:12,CarsRepositoryInMemory
FNDA:9,Object.<anonymous>.CarsRepositoryInMemory.create
FNDA:4,Object.<anonymous>.CarsRepositoryInMemory.findByLicensePlate
FNDA:4,Object.<anonymous>.CarsRepositoryInMemory.findAvailable
FNDA:2,Object.<anonymous>.CarsRepositoryInMemory.findById
FNDA:0,Object.<anonymous>.CarsRepositoryInMemory.updateAvailable
DA:1,1
DA:2,1
DA:3,1
DA:4,1
DA:5,1
DA:6,12
DA:7,12
DA:8,12
DA:9,9
DA:10,9
DA:11,9
DA:12,9
DA:13,9
DA:14,9
DA:15,9
DA:16,9
DA:17,9
DA:18,9
DA:19,9
DA:20,9
DA:21,9
DA:22,9
DA:23,9
DA:24,9
DA:25,9
DA:26,9
DA:27,9
DA:28,9
DA:29,9
DA:30,9
DA:31,9
DA:32,9
DA:33,12
DA:34,4
DA:35,4
DA:36,12
DA:37,4
DA:38,4
DA:39,4
DA:40,4
DA:41,4
DA:42,4
DA:43,4
DA:44,4
DA:45,4
DA:46,0
DA:47,4
DA:48,4
DA:49,4
DA:50,0
DA:51,4
DA:52,4
DA:53,4
DA:54,12
DA:55,12
DA:56,2
DA:57,2
DA:58,12
DA:59,12
DA:60,0
DA:61,0
DA:62,0
DA:63,0
DA:64,12
DA:65,1
DA:66,1
LF:66
LH:60
BRDA:6,0,0,4
BRDA:6,1,0,12
BRDA:8,2,0,9
BRDA:33,3,0,4
BRDA:34,4,0,1
BRDA:36,5,0,4
BRDA:41,6,0,4
BRDA:43,7,0,0
BRDA:44,8,0,0
BRDA:45,9,0,0
BRDA:50,10,0,0
BRDA:55,11,0,2
BRDA:56,12,0,1
BRF:13
BRH:9
end_of_record
TN:
SF:src\modules\cars\repositories\in-memory\CategoriesRepositoryInMemory.ts
FN:8,CategoriesRepositoryInMemory
FN:11,Object.<anonymous>.CategoriesRepositoryInMemory.findByName
FN:17,Object.<anonymous>.CategoriesRepositoryInMemory.list
FN:21,Object.<anonymous>.CategoriesRepositoryInMemory.create
FNF:4
FNH:3
FNDA:2,CategoriesRepositoryInMemory
FNDA:4,Object.<anonymous>.CategoriesRepositoryInMemory.findByName
FNDA:0,Object.<anonymous>.CategoriesRepositoryInMemory.list
FNDA:2,Object.<anonymous>.CategoriesRepositoryInMemory.create
DA:1,1
DA:2,1
DA:3,1
DA:4,1
DA:5,1
DA:6,1
DA:7,1
DA:8,2
DA:9,2
DA:10,2
DA:11,2
DA:12,4
DA:13,4
DA:14,4
DA:15,4
DA:16,4
DA:17,2
DA:18,0
DA:19,0
DA:20,0
DA:21,2
DA:22,2
DA:23,2
DA:24,2
DA:25,2
DA:26,2
DA:27,2
DA:28,2
DA:29,2
DA:30,2
DA:31,1
LF:31
LH:28
BRDA:8,0,0,1
BRDA:8,1,0,2
BRDA:11,2,0,4
BRDA:13,3,0,2
BRDA:21,4,0,2
BRF:5
BRH:5
end_of_record
TN:
SF:src\modules\cars\repositories\in-memory\SpecificationsRepositoryInMemory.ts
FN:8,SpecificationRepositoryInMemory
FN:11,Object.<anonymous>.SpecificationRepositoryInMemory.create
FN:23,Object.<anonymous>.SpecificationRepositoryInMemory.findByName
FN:26,Object.<anonymous>.SpecificationRepositoryInMemory.list
FN:29,Object.<anonymous>.SpecificationRepositoryInMemory.findByIds
FNF:5
FNH:3
FNDA:2,SpecificationRepositoryInMemory
FNDA:1,Object.<anonymous>.SpecificationRepositoryInMemory.create
FNDA:0,Object.<anonymous>.SpecificationRepositoryInMemory.findByName
FNDA:0,Object.<anonymous>.SpecificationRepositoryInMemory.list
FNDA:1,Object.<anonymous>.SpecificationRepositoryInMemory.findByIds
DA:1,1
DA:2,1
DA:3,1
DA:4,1
DA:5,1
DA:6,1
DA:7,1
DA:8,2
DA:9,2
DA:10,2
DA:11,2
DA:12,1
DA:13,1
DA:14,1
DA:15,1
DA:16,1
DA:17,1
DA:18,1
DA:19,1
DA:20,1
DA:21,1
DA:22,1
DA:23,2
DA:24,0
DA:25,0
DA:26,2
DA:27,0
DA:28,0
DA:29,2
DA:30,1
DA:31,1
DA:32,1
DA:33,1
DA:34,1
DA:35,2
DA:36,1
LF:36
LH:32
BRDA:8,0,0,1
BRDA:8,1,0,2
BRDA:11,2,0,1
BRDA:29,3,0,1
BRDA:30,4,0,1
BRF:5
BRH:5
end_of_record
TN:
SF:src\modules\cars\useCases\createCar\CreateCarUseCase.ts
FN:10,CreateCarUseCase
FN:13,Object.<anonymous>.CreateCarUseCase.execute
FNF:2
FNH:2
FNDA:3,CreateCarUseCase
FNDA:4,Object.<anonymous>.CreateCarUseCase.execute
DA:1,1
DA:2,1
DA:3,1
DA:4,1
DA:5,1
DA:6,1
DA:7,1
DA:8,1
DA:9,1
DA:10,1
DA:11,3
DA:12,3
DA:13,1
DA:14,4
DA:15,4
DA:16,4
DA:17,4
DA:18,4
DA:19,4
DA:20,4
DA:21,4
DA:22,4
DA:23,4
DA:24,4
DA:25,4
DA:26,1
DA:27,1
DA:28,3
DA:29,3
DA:30,3
DA:31,3
DA:32,3
DA:33,3
DA:34,3
DA:35,3
DA:36,3
DA:37,4
DA:38,4
DA:39,4
DA:40,1
DA:41,1
DA:42,1
LF:42
LH:42
BRDA:9,0,0,1
BRDA:10,1,0,3
BRDA:13,2,0,4
BRDA:23,3,0,4
BRDA:25,4,0,1
BRDA:28,5,0,3
BRF:6
BRH:6
end_of_record
TN:
SF:src\modules\cars\useCases\createCarSpecification\CreateCarSpecificationUseCase.ts
FN:14,CreateCarSpecificationUseCase
FN:20,Object.<anonymous>.CreateCarSpecificationUseCase.execute
FNF:2
FNH:2
FNDA:2,CreateCarSpecificationUseCase
FNDA:2,Object.<anonymous>.CreateCarSpecificationUseCase.execute
DA:1,1
DA:2,1
DA:3,1
DA:4,1
DA:5,1
DA:6,1
DA:7,1
DA:8,1
DA:9,1
DA:10,1
DA:11,1
DA:12,1
DA:13,1
DA:14,1
DA:15,2
DA:16,2
DA:17,2
DA:18,2
DA:19,2
DA:20,1
DA:21,2
DA:22,2
DA:23,2
DA:24,1
DA:25,1
DA:26,1
DA:27,1
DA:28,2
DA:29,2
DA:30,2
DA:31,2
DA:32,2
DA:33,2
DA:34,2
DA:35,1
DA:36,1
DA:37,1
LF:37
LH:37
BRDA:13,0,0,1
BRDA:14,1,0,2
BRDA:20,2,0,2
BRDA:21,3,0,2
BRDA:23,4,0,1
BRF:5
BRH:5
end_of_record
TN:
SF:src\modules\cars\useCases\createCategory\CreateCategoryUseCase.ts
FN:13,CreateCategoryUseCase
FN:18,Object.<anonymous>.CreateCategoryUseCase.execute
FNF:2
FNH:2
FNDA:2,CreateCategoryUseCase
FNDA:3,Object.<anonymous>.CreateCategoryUseCase.execute
DA:1,1
DA:2,1
DA:3,1
DA:4,1
DA:5,1
DA:6,1
DA:7,1
DA:8,1
DA:9,1
DA:10,1
DA:11,1
DA:12,1
DA:13,1
DA:14,2
DA:15,2
DA:16,2
DA:17,1
DA:18,1
DA:19,3
DA:20,3
DA:21,3
DA:22,3
DA:23,1
DA:24,1
DA:25,3
DA:26,3
DA:27,3
DA:28,3
DA:29,3
DA:30,3
DA:31,1
DA:32,1
LF:32
LH:32
BRDA:12,0,0,1
BRDA:13,1,0,2
BRDA:18,2,0,3
BRDA:20,3,0,3
BRDA:22,4,0,1
BRF:5
BRH:5
end_of_record
TN:
SF:src\modules\cars\useCases\listAvailableCars\ListAvailableCarsUseCase.ts
FN:14,ListAvailableCarsUseCase
FN:18,Object.<anonymous>.ListAvailableCarsUseCase.execute
FNF:2
FNH:2
FNDA:4,ListAvailableCarsUseCase
FNDA:4,Object.<anonymous>.ListAvailableCarsUseCase.execute
DA:1,1
DA:2,1
DA:3,1
DA:4,1
DA:5,1
DA:6,1
DA:7,1
DA:8,1
DA:9,1
DA:10,1
DA:11,1
DA:12,1
DA:13,1
DA:14,1
DA:15,4
DA:16,4
DA:17,4
DA:18,1
DA:19,4
DA:20,4
DA:21,4
DA:22,4
DA:23,4
DA:24,4
DA:25,4
DA:26,1
DA:27,1
LF:27
LH:27
BRDA:13,0,0,1
BRDA:14,1,0,4
BRDA:18,2,0,4
BRDA:19,3,0,4
BRF:4
BRH:4
end_of_record
TN:
SF:src\modules\rentals\infra\typeorm\entities\Rental.ts
FN:22,Rental
FNF:1
FNH:1
FNDA:2,Rental
DA:1,1
DA:2,1
DA:3,1
DA:4,1
DA:5,1
DA:6,1
DA:7,1
DA:8,1
DA:9,1
DA:10,1
DA:11,1
DA:12,1
DA:13,1
DA:14,1
DA:15,1
DA:16,1
DA:17,1
DA:18,1
DA:19,1
DA:20,1
DA:21,1
DA:22,1
DA:23,2
DA:24,2
DA:25,2
DA:26,2
DA:27,1
DA:28,1
DA:29,1
LF:29
LH:29
BRDA:3,0,0,1
BRDA:22,1,0,2
BRF:2
BRH:2
end_of_record
TN:
SF:src\modules\rentals\repositories\in-Memory\RentalsRepositoryInMemory.ts
FN:6,RentalsRepositoryInMemory
FN:9,Object.<anonymous>.RentalsRepositoryInMemory.create
FN:26,Object.<anonymous>.RentalsRepositoryInMemory.findOpenRentalByCar
FN:31,Object.<anonymous>.RentalsRepositoryInMemory.findOpenRentalByUser
FNF:4
FNH:4
FNDA:3,RentalsRepositoryInMemory
FNDA:2,Object.<anonymous>.RentalsRepositoryInMemory.create
FNDA:3,Object.<anonymous>.RentalsRepositoryInMemory.findOpenRentalByCar
FNDA:2,Object.<anonymous>.RentalsRepositoryInMemory.findOpenRentalByUser
DA:1,1
DA:2,1
DA:3,1
DA:4,1
DA:5,1
DA:6,3
DA:7,3
DA:8,3
DA:9,3
DA:10,2
DA:11,2
DA:12,2
DA:13,2
DA:14,2
DA:15,2
DA:16,2
DA:17,2
DA:18,2
DA:19,2
DA:20,2
DA:21,2
DA:22,2
DA:23,2
DA:24,2
DA:25,2
DA:26,3
DA:27,3
DA:28,3
DA:29,3
DA:30,3
DA:31,3
DA:32,2
DA:33,2
DA:34,2
DA:35,2
DA:36,3
DA:37,1
LF:37
LH:37
BRDA:6,0,0,1
BRDA:6,1,0,3
BRDA:9,2,0,2
BRDA:26,3,0,3
BRDA:28,4,0,2
BRDA:28,5,0,1
BRDA:31,6,0,2
BRDA:33,7,0,1
BRF:8
BRH:8
end_of_record
TN:
SF:src\modules\rentals\useCases\createRentals\CreateRentalUseCase.ts
FN:12,CreateRentalUseCase
FN:20,Object.<anonymous>.CreateRentalUseCase.execute
FNF:2
FNH:2
FNDA:3,CreateRentalUseCase
FNDA:3,Object.<anonymous>.CreateRentalUseCase.execute
DA:1,1
DA:2,1
DA:3,1
DA:4,1
DA:5,1
DA:6,1
DA:7,1
DA:8,1
DA:9,1
DA:10,1
DA:11,1
DA:12,1
DA:13,3
DA:14,3
DA:15,3
DA:16,3
DA:17,3
DA:18,3
DA:19,1
DA:20,1
DA:21,3
DA:22,3
DA:23,3
DA:24,3
DA:25,3
DA:26,3
DA:27,3
DA:28,3
DA:29,3
DA:30,3
DA:31,3
DA:32,1
DA:33,1
DA:34,2
DA:35,2
DA:36,2
DA:37,3
DA:38,3
DA:39,1
DA:40,1
DA:41,1
DA:42,1
DA:43,1
DA:44,1
DA:45,1
DA:46,1
DA:47,1
DA:48,1
DA:49,1
DA:50,1
DA:51,1
DA:52,0
DA:53,0
DA:54,0
DA:55,0
DA:56,0
DA:57,3
DA:58,3
DA:59,3
DA:60,3
DA:61,3
DA:62,1
DA:63,1
DA:64,1
LF:64
LH:59
BRDA:11,0,0,1
BRDA:12,1,0,3
BRDA:20,2,0,3
BRDA:31,3,0,1
BRDA:34,4,0,2
BRDA:38,5,0,1
BRDA:52,6,0,0
BRF:7
BRH:6
end_of_record
TN:
SF:src\shared\container\providers\DateProvider\implementantions\DayjsDateProvider.ts
FN:8,DayjsDateProvider
FN:9,Object.<anonymous>.DayjsDateProvider.compareInHours
FN:16,Object.<anonymous>.DayjsDateProvider.convertToUTC
FN:20,Object.<anonymous>.DayjsDateProvider.dateNow
FNF:4
FNH:4
FNDA:3,DayjsDateProvider
FNDA:1,Object.<anonymous>.DayjsDateProvider.compareInHours
FNDA:2,Object.<anonymous>.DayjsDateProvider.convertToUTC
FNDA:1,Object.<anonymous>.DayjsDateProvider.dateNow
DA:1,1
DA:2,1
DA:3,1
DA:4,1
DA:5,1
DA:6,1
DA:7,1
DA:8,3
DA:9,3
DA:10,1
DA:11,1
DA:12,1
DA:13,1
DA:14,1
DA:15,3
DA:16,3
DA:17,2
DA:18,2
DA:19,3
DA:20,3
DA:21,1
DA:22,1
DA:23,3
DA:24,1
DA:25,1
LF:25
LH:25
BRDA:8,0,0,1
BRDA:8,1,0,3
BRDA:9,2,0,1
BRDA:16,3,0,2
BRDA:20,4,0,1
BRF:5
BRH:5
end_of_record
TN:
SF:src\shared\errors\AppError.ts
FN:6,AppError
FNF:1
FNH:1
FNDA:10,AppError
DA:1,5
DA:2,5
DA:3,5
DA:4,5
DA:5,5
DA:6,5
DA:7,10
DA:8,10
DA:9,10
DA:10,5
LF:10
LH:10
BRDA:1,0,0,5
BRDA:6,1,0,10
BRF:2
BRH:2
end_of_record
